This is pdfTeX, Version 3.14159265-2.6-1.40.16 (TeX Live 2015/Debian) (preloaded format=pdflatex 2016.6.10)  28 AUG 2016 12:59
entering extended mode
 restricted \write18 enabled.
 %&-line parsing enabled.
**thesis.tex
(./thesis.tex
LaTeX2e <2016/02/01>
Babel <3.9q> and hyphenation patterns for 13 language(s) loaded.
(./iitcsthesis.cls
Document Class: iitcsthesis 2008/11/25 Technion cs thesis class
(/usr/share/texlive/texmf-dist/tex/latex/base/report.cls
Document Class: report 2014/09/29 v1.4h Standard LaTeX document class
(/usr/share/texlive/texmf-dist/tex/latex/base/size11.clo
File: size11.clo 2014/09/29 v1.4h Standard LaTeX file (size option)
)
\c@part=\count79
\c@chapter=\count80
\c@section=\count81
\c@subsection=\count82
\c@subsubsection=\count83
\c@paragraph=\count84
\c@subparagraph=\count85
\c@figure=\count86
\c@table=\count87
\abovecaptionskip=\skip41
\belowcaptionskip=\skip42
\bibindent=\dimen102
)
(/usr/share/texlive/texmf-dist/tex/generic/babel/babel.sty
Package: babel 2016/02/24 3.9q The Babel package

(/usr/share/texlive/texmf-dist/tex/generic/babel-hebrew/rlbabel.def
File: rlbabel.def 2005/03/30 v2.3h Right-to-Left support from the babel system 
Hebrew language support from the babel system
)
(/usr/share/texmf/tex/generic/0babel/hebrew.ldf
File: hebrew.ldf 2004/02/20 v2.3h Hebrew language definition from the babel sys
tem Hebrew language support from the babel system

(/usr/share/texlive/texmf-dist/tex/generic/babel/babel.def
File: babel.def 2016/02/24 3.9q Babel common definitions
\babel@savecnt=\count88
\U@D=\dimen103
)

Package babel Warning: No hyphenation patterns were preloaded for
(babel)                the language `Hebrew' into the format.
(babel)                Please, configure your TeX system to add them and
(babel)                rebuild the format. Now I will use the patterns
(babel)                preloaded for english instead on input line 57.

\l@hebrew = a dialect from \language0
) (/usr/share/texlive/texmf-dist/tex/generic/babel-english/english.ldf
Language: english 2012/08/20 v3.3p English support from the babel system
\l@canadian = a dialect from \language\l@american 
\l@australian = a dialect from \language\l@british 
\l@newzealand = a dialect from \language\l@british 
))
(/usr/share/texlive/texmf-dist/tex/generic/babel-hebrew/he8enc.def
File: HE8enc.def 2005/05/20 v1.2c 8-bit Hebrew font encoding (test version: sti
ll liable to change)
)
(/usr/share/texlive/texmf-dist/tex/latex/base/inputenc.sty
Package: inputenc 2015/03/17 v1.2c Input encoding file
\inpenc@prehook=\toks14
\inpenc@posthook=\toks15

(/usr/share/texlive/texmf-dist/tex/generic/babel-hebrew/8859-8.def
File: 8859-8.def 2004/02/20 v1.1b Hebrew input encoding file
))
(/usr/share/texlive/texmf-dist/tex/latex/setspace/setspace.sty
Package: setspace 2011/12/19 v6.7a set line spacing
))
(/usr/share/texlive/texmf-dist/tex/latex/cjhebrew/cjhebrew.sty
Package: cjhebrew 2004/08/27 v. 0.1a cjhebrew Hebrew Typesetting System
)
(/usr/share/texlive/texmf-dist/tex/latex/amsmath/amsmath.sty
Package: amsmath 2016/03/03 v2.15a AMS math features
\@mathmargin=\skip43

For additional information on amsmath, use the `?' option.
(/usr/share/texlive/texmf-dist/tex/latex/amsmath/amstext.sty
Package: amstext 2000/06/29 v2.01 AMS text

(/usr/share/texlive/texmf-dist/tex/latex/amsmath/amsgen.sty
File: amsgen.sty 1999/11/30 v2.0 generic functions
\@emptytoks=\toks16
\ex@=\dimen104
))
(/usr/share/texlive/texmf-dist/tex/latex/amsmath/amsbsy.sty
Package: amsbsy 1999/11/29 v1.2d Bold Symbols
\pmbraise@=\dimen105
)
(/usr/share/texlive/texmf-dist/tex/latex/amsmath/amsopn.sty
Package: amsopn 1999/12/14 v2.01 operator names
)
\inf@bad=\count89
LaTeX Info: Redefining \frac on input line 199.
\uproot@=\count90
\leftroot@=\count91
LaTeX Info: Redefining \overline on input line 297.
\classnum@=\count92
\DOTSCASE@=\count93
LaTeX Info: Redefining \ldots on input line 394.
LaTeX Info: Redefining \dots on input line 397.
LaTeX Info: Redefining \cdots on input line 518.
\Mathstrutbox@=\box26
\strutbox@=\box27
\big@size=\dimen106
LaTeX Font Info:    Redeclaring font encoding OML on input line 630.
LaTeX Font Info:    Redeclaring font encoding OMS on input line 631.
\macc@depth=\count94
\c@MaxMatrixCols=\count95
\dotsspace@=\muskip10
\c@parentequation=\count96
\dspbrk@lvl=\count97
\tag@help=\toks17
\row@=\count98
\column@=\count99
\maxfields@=\count100
\andhelp@=\toks18
\eqnshift@=\dimen107
\alignsep@=\dimen108
\tagshift@=\dimen109
\tagwidth@=\dimen110
\totwidth@=\dimen111
\lineht@=\dimen112
\@envbody=\toks19
\multlinegap=\skip44
\multlinetaggap=\skip45
\mathdisplay@stack=\toks20
LaTeX Info: Redefining \[ on input line 2735.
LaTeX Info: Redefining \] on input line 2736.
)
(/usr/share/texlive/texmf-dist/tex/latex/amsfonts/amsfonts.sty
Package: amsfonts 2013/01/14 v3.01 Basic AMSFonts support
\symAMSa=\mathgroup4
\symAMSb=\mathgroup5
LaTeX Font Info:    Overwriting math alphabet `\mathfrak' in version `bold'
(Font)                  U/euf/m/n --> U/euf/b/n on input line 106.
)
(/usr/share/texlive/texmf-dist/tex/latex/amsfonts/amssymb.sty
Package: amssymb 2013/01/14 v3.01 AMS font symbols
)
(/usr/share/texlive/texmf-dist/tex/latex/bbm-macros/bbm.sty
Package: bbm 1999/03/15 V 1.2 provides fonts for set symbols - TH
LaTeX Font Info:    Overwriting math alphabet `\mathbbm' in version `bold'
(Font)                  U/bbm/m/n --> U/bbm/bx/n on input line 33.
LaTeX Font Info:    Overwriting math alphabet `\mathbbmss' in version `bold'
(Font)                  U/bbmss/m/n --> U/bbmss/bx/n on input line 35.
)
(/usr/share/texlive/texmf-dist/tex/latex/graphics/graphicx.sty
Package: graphicx 2014/10/28 v1.0g Enhanced LaTeX Graphics (DPC,SPQR)

(/usr/share/texlive/texmf-dist/tex/latex/graphics/keyval.sty
Package: keyval 2014/10/28 v1.15 key=value parser (DPC)
\KV@toks@=\toks21
)
(/usr/share/texlive/texmf-dist/tex/latex/graphics/graphics.sty
Package: graphics 2016/01/03 v1.0q Standard LaTeX Graphics (DPC,SPQR)

(/usr/share/texlive/texmf-dist/tex/latex/graphics/trig.sty
Package: trig 2016/01/03 v1.10 sin cos tan (DPC)
)
(/usr/share/texlive/texmf-dist/tex/latex/latexconfig/graphics.cfg
File: graphics.cfg 2010/04/23 v1.9 graphics configuration of TeX Live
)
Package graphics Info: Driver file: pdftex.def on input line 95.

(/usr/share/texlive/texmf-dist/tex/latex/pdftex-def/pdftex.def
File: pdftex.def 2011/05/27 v0.06d Graphics/color for pdfTeX

(/usr/share/texlive/texmf-dist/tex/generic/oberdiek/infwarerr.sty
Package: infwarerr 2010/04/08 v1.3 Providing info/warning/error messages (HO)
)
(/usr/share/texlive/texmf-dist/tex/generic/oberdiek/ltxcmds.sty
Package: ltxcmds 2011/11/09 v1.22 LaTeX kernel commands for general use (HO)
)
\Gread@gobject=\count101
))
\Gin@req@height=\dimen113
\Gin@req@width=\dimen114
)
\c@theorem=\count102
\c@conjecture=\count103

(/usr/share/texlive/texmf-dist/tex/latex/algorithm2e/algorithm2e.sty
Package: algorithm2e 2013/01/06 v5.00 algorithms environments
\c@AlgoLine=\count104

(/usr/share/texlive/texmf-dist/tex/latex/base/ifthen.sty
Package: ifthen 2014/09/29 v1.1c Standard LaTeX ifthen package (DPC)
)
\algocf@hangindent=\skip46

(/usr/share/texlive/texmf-dist/tex/latex/tools/xspace.sty
Package: xspace 2014/10/28 v1.13 Space after command names (DPC,MH)
)
(/usr/share/texlive/texmf-dist/tex/latex/relsize/relsize.sty
Package: relsize 2013/03/29 ver 4.1
)
********************************************************
Package `algorithm2e' Release 5.1 -- october 19 2015 --
- algorithm2e-announce@lirmm.fr mailing list for announcement about releases
- algorithm2e-discussion@lirmm.fr mailing list for discussion about package
subscribe by emailing sympa@lirmm.fr with 'subscribe <list> <firstname name>'
- Author: Christophe Fiorio (christophe.fiorio@umontpellier.fr)
********************************************************
\skiptotal=\skip47
\skiplinenumber=\skip48
\skiprule=\skip49
\skiphlne=\skip50
\skiptext=\skip51
\skiplength=\skip52
\algomargin=\skip53
\skipalgocfslide=\skip54
\algowidth=\dimen115
\inoutsize=\dimen116
\inoutindent=\dimen117
\interspacetitleruled=\dimen118
\interspacealgoruled=\dimen119
\interspacetitleboxruled=\dimen120
\algocf@ruledwidth=\skip55
\algocf@inoutbox=\box28
\algocf@inputbox=\box29
\AlCapSkip=\skip56
\AlCapHSkip=\skip57
\algoskipindent=\skip58
\algocf@nlbox=\box30
\algocf@hangingbox=\box31
\algocf@untilbox=\box32
\algocf@skipuntil=\skip59
\algocf@capbox=\box33
\algoheightruledefault=\skip60
\algoheightrule=\skip61
\algotitleheightruledefault=\skip62
\algotitleheightrule=\skip63
\c@algocfline=\count105
\c@algocfproc=\count106
\c@algocf=\count107
\algocf@algoframe=\box34
\algocf@algobox=\box35
) (/usr/share/texlive/texmf-dist/tex/generic/oberdiek/atbegshi.sty
Package: atbegshi 2011/10/05 v1.16 At begin shipout hook (HO)

(/usr/share/texlive/texmf-dist/tex/generic/oberdiek/ifpdf.sty
Package: ifpdf 2011/01/30 v2.3 Provides the ifpdf switch (HO)
Package ifpdf Info: pdfTeX in PDF mode is detected.
))
\RPbox=\box36

(/usr/share/texlive/texmf-dist/tex/latex/etoolbox/etoolbox.sty
Package: etoolbox 2015/08/02 v2.2a e-TeX tools for LaTeX (JAW)
\etb@tempcnta=\count108
)
(build/thesis.aux

LaTeX Warning: Label `eq:regret' multiply defined.

(build/hebrewPart.aux))
\openout1 = `thesis.aux'.

LaTeX Font Info:    Checking defaults for OML/cmm/m/it on input line 52.
LaTeX Font Info:    ... okay on input line 52.
LaTeX Font Info:    Checking defaults for T1/cmr/m/n on input line 52.
LaTeX Font Info:    ... okay on input line 52.
LaTeX Font Info:    Checking defaults for OT1/cmr/m/n on input line 52.
LaTeX Font Info:    ... okay on input line 52.
LaTeX Font Info:    Checking defaults for OMS/cmsy/m/n on input line 52.
LaTeX Font Info:    ... okay on input line 52.
LaTeX Font Info:    Checking defaults for OMX/cmex/m/n on input line 52.
LaTeX Font Info:    ... okay on input line 52.
LaTeX Font Info:    Checking defaults for U/cmr/m/n on input line 52.
LaTeX Font Info:    ... okay on input line 52.
LaTeX Font Info:    Checking defaults for HE8/cmr/m/n on input line 52.
LaTeX Font Info:    Try loading font information for HE8+cmr on input line 52.

(/usr/share/texlive/texmf-dist/tex/generic/babel-hebrew/he8cmr.fd
File: HE8cmr.fd 2005/05/20 v1.2c Hebrew default font (test version: still liabl
e to change)
)
LaTeX Font Info:    ... okay on input line 52.

(/usr/share/texlive/texmf-dist/tex/context/base/supp-pdf.mkii
[Loading MPS to PDF converter (version 2006.09.02).]
\scratchcounter=\count109
\scratchdimen=\dimen121
\scratchbox=\box37
\nofMPsegments=\count110
\nofMParguments=\count111
\everyMPshowfont=\toks22
\MPscratchCnt=\count112
\MPscratchDim=\dimen122
\MPnumerator=\count113
\makeMPintoPDFobject=\count114
\everyMPtoPDFconversion=\toks23
) (/usr/share/texlive/texmf-dist/tex/generic/oberdiek/pdftexcmds.sty
Package: pdftexcmds 2011/11/29 v0.20 Utility functions of pdfTeX for LuaTeX (HO
)

(/usr/share/texlive/texmf-dist/tex/generic/oberdiek/ifluatex.sty
Package: ifluatex 2010/03/01 v1.3 Provides the ifluatex switch (HO)
Package ifluatex Info: LuaTeX not detected.
)
Package pdftexcmds Info: LuaTeX not detected.
Package pdftexcmds Info: \pdf@primitive is available.
Package pdftexcmds Info: \pdf@ifprimitive is available.
Package pdftexcmds Info: \pdfdraftmode found.
)
(/usr/share/texlive/texmf-dist/tex/latex/oberdiek/epstopdf-base.sty
Package: epstopdf-base 2010/02/09 v2.5 Base part for package epstopdf

(/usr/share/texlive/texmf-dist/tex/latex/oberdiek/grfext.sty
Package: grfext 2010/08/19 v1.1 Manage graphics extensions (HO)

(/usr/share/texlive/texmf-dist/tex/generic/oberdiek/kvdefinekeys.sty
Package: kvdefinekeys 2011/04/07 v1.3 Define keys (HO)
))
(/usr/share/texlive/texmf-dist/tex/latex/oberdiek/kvoptions.sty
Package: kvoptions 2011/06/30 v3.11 Key value format for package options (HO)

(/usr/share/texlive/texmf-dist/tex/generic/oberdiek/kvsetkeys.sty
Package: kvsetkeys 2012/04/25 v1.16 Key value parser (HO)

(/usr/share/texlive/texmf-dist/tex/generic/oberdiek/etexcmds.sty
Package: etexcmds 2011/02/16 v1.5 Avoid name clashes with e-TeX commands (HO)
Package etexcmds Info: Could not find \expanded.
(etexcmds)             That can mean that you are not using pdfTeX 1.50 or
(etexcmds)             that some package has redefined \expanded.
(etexcmds)             In the latter case, load this package earlier.
)))
Package grfext Info: Graphics extension search list:
(grfext)             [.png,.pdf,.jpg,.mps,.jpeg,.jbig2,.jb2,.PNG,.PDF,.JPG,.JPE
G,.JBIG2,.JB2,.eps]
(grfext)             \AppendGraphicsExtensions on input line 452.

(/usr/share/texlive/texmf-dist/tex/latex/latexconfig/epstopdf-sys.cfg
File: epstopdf-sys.cfg 2010/07/13 v1.3 Configuration of (r)epstopdf for TeX Liv
e
))
\AtBeginShipoutBox=\box38

[1

{/var/lib/texmf/fonts/map/pdftex/updmap/pdftex.map}] [2

]
LaTeX Font Info:    Try loading font information for U+msa on input line 69.

(/usr/share/texlive/texmf-dist/tex/latex/amsfonts/umsa.fd
File: umsa.fd 2013/01/14 v3.01 AMS symbols A
)
LaTeX Font Info:    Try loading font information for U+msb on input line 69.

(/usr/share/texlive/texmf-dist/tex/latex/amsfonts/umsb.fd
File: umsb.fd 2013/01/14 v3.01 AMS symbols B
) [3] [4

] [5] [6

]
(build/thesis.toc [1

])
\tf@toc=\write3
\openout3 = `thesis.toc'.

 [2] (build/thesis.lof [3

])
\tf@lof=\write4
\openout4 = `thesis.lof'.

 [4] [1


]
Overfull \hbox (68.79944pt too wide) in paragraph at lines 96--118
[][] 
 []

[2

]
Overfull \hbox (38.13835pt too wide) in paragraph at lines 119--135
[][] 
 []

[3]
Chapter 1.
[4

] [5] [6]
Chapter 2.
[7

] [8]

LaTeX Warning: `h' float specifier changed to `ht'.

[9] [10] [11] [12]
Underfull \vbox (badness 10000) has occurred while \output is active []

 [13]
[14]
Overfull \hbox (1.55852pt too wide) in paragraph at lines 433--438
[]\OT1/cmr/m/it/10.95 [[]][] Sup-pose $\OMS/cmsy/m/n/10.95 f\OML/cmm/m/it/10.95
 X[]; ::; X[]\OMS/cmsy/m/n/10.95 g$ \OT1/cmr/m/it/10.95 are in-de-pen-dent ran-
dom vari-ables with
 []

[15]
Chapter 3.
[16

]
Underfull \vbox (badness 10000) has occurred while \output is active []

 [17]
[18]

LaTeX Warning: `h' float specifier changed to `ht'.

[19] [20]

LaTeX Warning: `h' float specifier changed to `ht'.

[21] [22] [23] <graphs/RCS.jpg, id=122, 1695.33376pt x 448.67625pt>
File: graphs/RCS.jpg Graphic file (type jpg)

<use graphs/RCS.jpg>
Package pdftex.def Info: graphs/RCS.jpg used on input line 686.
(pdftex.def)             Requested size: 339.06075pt x 89.73366pt.

Underfull \vbox (badness 10000) has occurred while \output is active []

 [24]

LaTeX Warning: `h' float specifier changed to `ht'.

[25 <./graphs/RCS.jpg>]
LaTeX Font Info:    Try loading font information for U+bbm on input line 731.

(/usr/share/texlive/texmf-dist/tex/latex/bbm-macros/ubbm.fd
File: ubbm.fd 1999/03/15 V 1.2 Font definition for bbm font - TH
)
Underfull \vbox (badness 10000) has occurred while \output is active []

 [26]
[27]

LaTeX Warning: `h' float specifier changed to `ht'.

[28]

LaTeX Warning: `h' float specifier changed to `ht'.

[29] [30]
Chapter 4.

Underfull \vbox (badness 6220) has occurred while \output is active []

 [31

]
Overfull \hbox (23.1348pt too wide) detected at line 871
\OML/cmm/m/it/10.95 E\OT1/cmr/m/n/10.95 [\OML/cmm/m/it/10.95 f[]\OT1/cmr/m/n/10
.95 ] = [] [] \OML/cmm/m/it/10.95 E\OT1/cmr/m/n/10.95 [\OML/cmm/m/it/10.95 b[] 
\OMS/cmsy/m/n/10.95 ^^@ []\OT1/cmr/m/n/10.95 ] = [] [] \OML/cmm/m/it/10.95 E\OT
1/cmr/m/n/10.95 [\OML/cmm/m/it/10.95 b[] \OT1/cmr/m/n/10.95 + \OML/cmm/m/it/10.
95 f[] \OMS/cmsy/m/n/10.95 ^^@ []\OT1/cmr/m/n/10.95 ] = \OML/cmm/m/it/10.95 E\O
T1/cmr/m/n/10.95 [\OML/cmm/m/it/10.95 f[]\OT1/cmr/m/n/10.95 ] + \OML/cmm/m/it/1
0.95 E\OT1/cmr/m/n/10.95 [\OML/cmm/m/it/10.95 b[] \OMS/cmsy/m/n/10.95 ^^@ []\OT
1/cmr/m/n/10.95 ]
 []


LaTeX Warning: `h' float specifier changed to `ht'.

[32]
Underfull \vbox (badness 10000) has occurred while \output is active []

 [33]
Underfull \vbox (badness 8151) has occurred while \output is active []

 [34]
Underfull \vbox (badness 10000) has occurred while \output is active []

 [35]
[36]
Underfull \vbox (badness 1062) has occurred while \output is active []

 [37]
Underfull \vbox (badness 10000) has occurred while \output is active []

 [38]
[39]
Chapter 5.

Underfull \hbox (badness 10000) in paragraph at lines 1162--1162
[][]\OT1/cmr/m/n/9 These data sets can be re-trieved from http://research.micro
soft.com/en-
 []

[40

] [41] [42] [43] [44]
<graphs/close_arm_8.png, id=195, 517.4532pt x 492.8814pt>
File: graphs/close_arm_8.png Graphic file (type png)

<use graphs/close_arm_8.png>
Package pdftex.def Info: graphs/close_arm_8.png used on input line 1300.
(pdftex.def)             Requested size: 413.9631pt x 394.30565pt.

Overfull \hbox (53.9631pt too wide) in paragraph at lines 1300--1301
 [][] 
 []

[45 <./graphs/close_arm_8.png>]
<graphs/close_arm_16.png, id=201, 517.4532pt x 429.2838pt>
File: graphs/close_arm_16.png Graphic file (type png)

<use graphs/close_arm_16.png>
Package pdftex.def Info: graphs/close_arm_16.png used on input line 1306.
(pdftex.def)             Requested size: 413.9631pt x 343.4275pt.

Overfull \hbox (53.9631pt too wide) in paragraph at lines 1306--1307
 [][] 
 []

[46 <./graphs/close_arm_16.png>]
<graphs/close_arm_46.png, id=206, 524.6802pt x 429.2838pt>
File: graphs/close_arm_46.png Graphic file (type png)

<use graphs/close_arm_46.png>
Package pdftex.def Info: graphs/close_arm_46.png used on input line 1312.
(pdftex.def)             Requested size: 419.74474pt x 343.4275pt.

Overfull \hbox (59.74474pt too wide) in paragraph at lines 1312--1313
 [][] 
 []

[47 <./graphs/close_arm_46.png>]
<graphs/linear_arm_8.png, id=211, 517.4532pt x 451.6875pt>
File: graphs/linear_arm_8.png Graphic file (type png)

<use graphs/linear_arm_8.png>
Package pdftex.def Info: graphs/linear_arm_8.png used on input line 1320.
(pdftex.def)             Requested size: 413.9631pt x 361.35048pt.

Overfull \hbox (53.9631pt too wide) in paragraph at lines 1320--1321
 [][] 
 []

[48 <./graphs/linear_arm_8.png>]
<graphs/linear_arm_16.png, id=216, 517.4532pt x 421.3341pt>
File: graphs/linear_arm_16.png Graphic file (type png)

<use graphs/linear_arm_16.png>
Package pdftex.def Info: graphs/linear_arm_16.png used on input line 1326.
(pdftex.def)             Requested size: 413.9631pt x 337.06773pt.

Overfull \hbox (53.9631pt too wide) in paragraph at lines 1326--1327
 [][] 
 []

[49 <./graphs/linear_arm_16.png>]
<graphs/linear_arm_46.png, id=221, 524.6802pt x 429.2838pt>
File: graphs/linear_arm_46.png Graphic file (type png)

<use graphs/linear_arm_46.png>
Package pdftex.def Info: graphs/linear_arm_46.png used on input line 1332.
(pdftex.def)             Requested size: 419.74474pt x 343.4275pt.

Overfull \hbox (59.74474pt too wide) in paragraph at lines 1332--1333
 [][] 
 []

[50 <./graphs/linear_arm_46.png>]
<graphs/one_strong_arm_8.png, id=226, 509.5035pt x 436.5108pt>
File: graphs/one_strong_arm_8.png Graphic file (type png)

<use graphs/one_strong_arm_8.png>
Package pdftex.def Info: graphs/one_strong_arm_8.png used on input line 1340.
(pdftex.def)             Requested size: 407.60335pt x 349.2091pt.

Overfull \hbox (47.60335pt too wide) in paragraph at lines 1340--1341
 [][] 
 []

[51 <./graphs/one_strong_arm_8.png>]
<graphs/one_strong_arm_16.png, id=232, 516.7305pt x 429.2838pt>
File: graphs/one_strong_arm_16.png Graphic file (type png)

<use graphs/one_strong_arm_16.png>
Package pdftex.def Info: graphs/one_strong_arm_16.png used on input line 1346.
(pdftex.def)             Requested size: 413.38495pt x 343.4275pt.

Overfull \hbox (53.38495pt too wide) in paragraph at lines 1346--1347
 [][] 
 []

[52 <./graphs/one_strong_arm_16.png>]
<graphs/one_strong_arm_46.png, id=237, 524.6802pt x 429.2838pt>
File: graphs/one_strong_arm_46.png Graphic file (type png)

<use graphs/one_strong_arm_46.png>
Package pdftex.def Info: graphs/one_strong_arm_46.png used on input line 1352.
(pdftex.def)             Requested size: 419.74474pt x 343.4275pt.

Overfull \hbox (59.74474pt too wide) in paragraph at lines 1352--1353
 [][] 
 []

[53 <./graphs/one_strong_arm_46.png>]
<graphs/random_data_8.png, id=242, 517.4532pt x 500.1084pt>
File: graphs/random_data_8.png Graphic file (type png)

<use graphs/random_data_8.png>
Package pdftex.def Info: graphs/random_data_8.png used on input line 1361.
(pdftex.def)             Requested size: 413.9631pt x 400.08727pt.

Overfull \hbox (53.9631pt too wide) in paragraph at lines 1361--1362
 [][] 
 []

[54 <./graphs/random_data_8.png>]
<graphs/random_data_16.png, id=247, 517.4532pt x 429.2838pt>
File: graphs/random_data_16.png Graphic file (type png)

<use graphs/random_data_16.png>
Package pdftex.def Info: graphs/random_data_16.png used on input line 1367.
(pdftex.def)             Requested size: 413.9631pt x 343.4275pt.

Overfull \hbox (53.9631pt too wide) in paragraph at lines 1367--1368
 [][] 
 []

[55 <./graphs/random_data_16.png>]
<graphs/random_data_46.png, id=252, 526.8483pt x 429.2838pt>
File: graphs/random_data_46.png Graphic file (type png)

<use graphs/random_data_46.png>
Package pdftex.def Info: graphs/random_data_46.png used on input line 1373.
(pdftex.def)             Requested size: 421.47922pt x 343.4275pt.

Overfull \hbox (61.47922pt too wide) in paragraph at lines 1373--1374
 [][] 
 []

[56 <./graphs/random_data_46.png>]
<graphs/real_data_8.png, id=257, 518.8986pt x 436.5108pt>
File: graphs/real_data_8.png Graphic file (type png)

<use graphs/real_data_8.png>
Package pdftex.def Info: graphs/real_data_8.png used on input line 1381.
(pdftex.def)             Requested size: 415.11943pt x 349.2091pt.

Overfull \hbox (55.11943pt too wide) in paragraph at lines 1381--1382
 [][] 
 []

[57 <./graphs/real_data_8.png>]
<graphs/real_data_16.png, id=263, 526.8483pt x 429.2838pt>
File: graphs/real_data_16.png Graphic file (type png)

<use graphs/real_data_16.png>
Package pdftex.def Info: graphs/real_data_16.png used on input line 1387.
(pdftex.def)             Requested size: 421.47922pt x 343.4275pt.

Overfull \hbox (61.47922pt too wide) in paragraph at lines 1387--1388
 [][] 
 []

[58 <./graphs/real_data_16.png>]
<graphs/real_data_46.png, id=268, 524.6802pt x 406.1574pt>
File: graphs/real_data_46.png Graphic file (type png)

<use graphs/real_data_46.png>
Package pdftex.def Info: graphs/real_data_46.png used on input line 1393.
(pdftex.def)             Requested size: 419.74474pt x 324.92636pt.

Overfull \hbox (59.74474pt too wide) in paragraph at lines 1393--1394
 [][] 
 []

[59 <./graphs/real_data_46.png>]
<graphs/preference_real_data_46.png, id=273, 517.4532pt x 406.1574pt>
File: graphs/preference_real_data_46.png Graphic file (type png)

<use graphs/preference_real_data_46.png>
Package pdftex.def Info: graphs/preference_real_data_46.png used on input line 
1402.
(pdftex.def)             Requested size: 413.9631pt x 324.92636pt.

Overfull \hbox (53.9631pt too wide) in paragraph at lines 1402--1403
 [][] 
 []

[60 <./graphs/preference_real_data_46.png>]
Overfull \hbox (2.45064pt too wide) in paragraph at lines 1416--1416
[]\OT1/cmr/m/n/10.95 Figure| 
 []


Overfull \hbox (0.98029pt too wide) in paragraph at lines 1410--1452
 [][] 
 []

[61]
Chapter 6.
(./thesis.bbl [62

]
Underfull \hbox (badness 1019) in paragraph at lines 4--8
[]\OT1/cmr/m/n/10.95 Rakesh Agrawal, Sreeni-vas Gol-la-pudi, Alan Halver-son, a
nd
 []

[63

] [64]
Underfull \hbox (badness 2012) in paragraph at lines 108--112
\OT1/cmr/m/n/10.95 rank-ings over large doc-u-ment col-lec-tions.  \OT1/cmr/m/i
t/10.95 arXiv preprint
 []

[65]) [66]
\openout2 = `hebrewPart.aux'.

 (./hebrewPart.tex
Package atbegshi Info: Shipout page discarded.
Package atbegshi Info: Shipout page discarded.
Package atbegshi Info: Shipout page discarded.
Package atbegshi Info: Shipout page discarded.
Package atbegshi Info: Shipout page discarded.
Package atbegshi Info: Shipout page discarded.

Underfull \vbox (badness 3919) has occurred while \output is active []

Package atbegshi Info: Shipout page discarded.

Underfull \vbox (badness 10000) has occurred while \output is active []

Package atbegshi Info: Shipout page discarded.
Package atbegshi Info: Shipout page discarded.
) [3]
[2] [1



\@writefile{cot}{\protect \contentsline {chapter}{\IeC {\hebtav }\IeC {\hebqof 
}\IeC {\hebtsadi }\IeC {\hebyod }\IeC {\hebresh } \IeC {\hebbet }\IeC {\hebayin
 }\IeC {\hebbet }\IeC {\hebresh }\IeC {\hebyod }\IeC {\hebtav }}{a}}
\@writefile{toc}{\protect \contentsline {chapter}{Abstract in Hebrew}{a}}
] [72

] [71] [70

] [69] [68

] [67




\select@language{hebrew}
\@writefile{cot}{\select@language{hebrew}}
\@writefile{fol}{\select@language{hebrew}}
\@writefile{tol}{\select@language{hebrew}}
] (build/thesis.aux (build/hebrewPart.aux))

LaTeX Warning: There were multiply-defined labels.

 ) 
Here is how much of TeX's memory you used:
 4904 strings out of 494465
 68728 string characters out of 6171947
 148425 words of memory out of 5000000
 8168 multiletter control sequences out of 15000+600000
 29648 words of font info for 88 fonts, out of 8000000 for 9000
 286 hyphenation exceptions out of 8191
 38i,19n,33p,1652b,576s stack positions out of 5000i,500n,10000p,200000b,80000s
{/usr/share/texmf/fonts/enc/dvips/culmus/he8.enc} </home/wolfenfeld/.texmf-va
r/fonts/pk/ljfour/public/bbm/bbm10.657pk></usr/share/texmf/fonts/type1/public/c
ulmus/DavidCLM-Bold.pfa></usr/share/texmf/fonts/type1/public/culmus/DavidCLM-Me
dium.pfa></usr/share/texlive/texmf-dist/fonts/type1/public/amsfonts/cm/cmbx10.p
fb></usr/share/texlive/texmf-dist/fonts/type1/public/amsfonts/cm/cmbx12.pfb></u
sr/share/texlive/texmf-dist/fonts/type1/public/amsfonts/cm/cmbx8.pfb></usr/shar
e/texlive/texmf-dist/fonts/type1/public/amsfonts/cm/cmex10.pfb></usr/share/texl
ive/texmf-dist/fonts/type1/public/amsfonts/cmextra/cmex8.pfb></usr/share/texliv
e/texmf-dist/fonts/type1/public/amsfonts/cm/cmmi10.pfb></usr/share/texlive/texm
f-dist/fonts/type1/public/amsfonts/cm/cmmi6.pfb></usr/share/texlive/texmf-dist/
fonts/type1/public/amsfonts/cm/cmmi8.pfb></usr/share/texlive/texmf-dist/fonts/t
ype1/public/amsfonts/cm/cmr10.pfb></usr/share/texlive/texmf-dist/fonts/type1/pu
blic/amsfonts/cm/cmr12.pfb></usr/share/texlive/texmf-dist/fonts/type1/public/am
sfonts/cm/cmr6.pfb></usr/share/texlive/texmf-dist/fonts/type1/public/amsfonts/c
m/cmr8.pfb></usr/share/texlive/texmf-dist/fonts/type1/public/amsfonts/cm/cmr9.p
fb></usr/share/texlive/texmf-dist/fonts/type1/public/amsfonts/cm/cmsy10.pfb></u
sr/share/texlive/texmf-dist/fonts/type1/public/amsfonts/cm/cmsy6.pfb></usr/shar
e/texlive/texmf-dist/fonts/type1/public/amsfonts/cm/cmsy8.pfb></usr/share/texli
ve/texmf-dist/fonts/type1/public/amsfonts/cm/cmti10.pfb>
Output written on build/thesis.pdf (85 pages, 1445804 bytes).
PDF statistics:
 397 PDF objects out of 1000 (max. 8388607)
 253 compressed objects within 3 object streams
 0 named destinations out of 1000 (max. 500000)
 86 words of extra memory for PDF output out of 10000 (max. 10000000)

